c 6 10
p cnf 60 442
1 2 3 4 5 6 0
-1 -2 0
-1 -3 0
-1 -4 0
-1 -5 0
-1 -6 0
-2 -3 0
-2 -4 0
-2 -5 0
-2 -6 0
-3 -4 0
-3 -5 0
-3 -6 0
-4 -5 0
-4 -6 0
-5 -6 0
-1 -7 0
-2 -8 0
-3 -9 0
-4 -10 0
-5 -11 0
-6 -12 0
-1 -13 0
-2 -14 0
-3 -15 0
-4 -16 0
-5 -17 0
-6 -18 0
-1 -31 0
-2 -32 0
-3 -33 0
-4 -34 0
-5 -35 0
-6 -36 0
-1 -37 0
-2 -38 0
-3 -39 0
-4 -40 0
-5 -41 0
-6 -42 0
-1 -49 0
-2 -50 0
-3 -51 0
-4 -52 0
-5 -53 0
-6 -54 0
7 8 9 10 11 12 0
-7 -8 0
-7 -9 0
-7 -10 0
-7 -11 0
-7 -12 0
-8 -9 0
-8 -10 0
-8 -11 0
-8 -12 0
-9 -10 0
-9 -11 0
-9 -12 0
-10 -11 0
-10 -12 0
-11 -12 0
-7 -1 0
-8 -2 0
-9 -3 0
-10 -4 0
-11 -5 0
-12 -6 0
-7 -13 0
-8 -14 0
-9 -15 0
-10 -16 0
-11 -17 0
-12 -18 0
-7 -19 0
-8 -20 0
-9 -21 0
-10 -22 0
-11 -23 0
-12 -24 0
-7 -25 0
-8 -26 0
-9 -27 0
-10 -28 0
-11 -29 0
-12 -30 0
13 14 15 16 17 18 0
-13 -14 0
-13 -15 0
-13 -16 0
-13 -17 0
-13 -18 0
-14 -15 0
-14 -16 0
-14 -17 0
-14 -18 0
-15 -16 0
-15 -17 0
-15 -18 0
-16 -17 0
-16 -18 0
-17 -18 0
-13 -7 0
-14 -8 0
-15 -9 0
-16 -10 0
-17 -11 0
-18 -12 0
-13 -19 0
-14 -20 0
-15 -21 0
-16 -22 0
-17 -23 0
-18 -24 0
-13 -31 0
-14 -32 0
-15 -33 0
-16 -34 0
-17 -35 0
-18 -36 0
-13 -43 0
-14 -44 0
-15 -45 0
-16 -46 0
-17 -47 0
-18 -48 0
-13 -49 0
-14 -50 0
-15 -51 0
-16 -52 0
-17 -53 0
-18 -54 0
19 20 21 22 23 24 0
-19 -20 0
-19 -21 0
-19 -22 0
-19 -23 0
-19 -24 0
-20 -21 0
-20 -22 0
-20 -23 0
-20 -24 0
-21 -22 0
-21 -23 0
-21 -24 0
-22 -23 0
-22 -24 0
-23 -24 0
-19 -7 0
-20 -8 0
-21 -9 0
-22 -10 0
-23 -11 0
-24 -12 0
-19 -13 0
-20 -14 0
-21 -15 0
-22 -16 0
-23 -17 0
-24 -18 0
-19 -25 0
-20 -26 0
-21 -27 0
-22 -28 0
-23 -29 0
-24 -30 0
-19 -37 0
-20 -38 0
-21 -39 0
-22 -40 0
-23 -41 0
-24 -42 0
-19 -49 0
-20 -50 0
-21 -51 0
-22 -52 0
-23 -53 0
-24 -54 0
25 26 27 28 29 30 0
-25 -26 0
-25 -27 0
-25 -28 0
-25 -29 0
-25 -30 0
-26 -27 0
-26 -28 0
-26 -29 0
-26 -30 0
-27 -28 0
-27 -29 0
-27 -30 0
-28 -29 0
-28 -30 0
-29 -30 0
-25 -7 0
-26 -8 0
-27 -9 0
-28 -10 0
-29 -11 0
-30 -12 0
-25 -31 0
-26 -32 0
-27 -33 0
-28 -34 0
-29 -35 0
-30 -36 0
-25 -37 0
-26 -38 0
-27 -39 0
-28 -40 0
-29 -41 0
-30 -42 0
-25 -49 0
-26 -50 0
-27 -51 0
-28 -52 0
-29 -53 0
-30 -54 0
31 32 33 34 35 36 0
-31 -32 0
-31 -33 0
-31 -34 0
-31 -35 0
-31 -36 0
-32 -33 0
-32 -34 0
-32 -35 0
-32 -36 0
-33 -34 0
-33 -35 0
-33 -36 0
-34 -35 0
-34 -36 0
-35 -36 0
-31 -19 0
-32 -20 0
-33 -21 0
-34 -22 0
-35 -23 0
-36 -24 0
-31 -49 0
-32 -50 0
-33 -51 0
-34 -52 0
-35 -53 0
-36 -54 0
37 38 39 40 41 42 0
-37 -38 0
-37 -39 0
-37 -40 0
-37 -41 0
-37 -42 0
-38 -39 0
-38 -40 0
-38 -41 0
-38 -42 0
-39 -40 0
-39 -41 0
-39 -42 0
-40 -41 0
-40 -42 0
-41 -42 0
-37 -19 0
-38 -20 0
-39 -21 0
-40 -22 0
-41 -23 0
-42 -24 0
-37 -25 0
-38 -26 0
-39 -27 0
-40 -28 0
-41 -29 0
-42 -30 0
-37 -43 0
-38 -44 0
-39 -45 0
-40 -46 0
-41 -47 0
-42 -48 0
-37 -49 0
-38 -50 0
-39 -51 0
-40 -52 0
-41 -53 0
-42 -54 0
43 44 45 46 47 48 0
-43 -44 0
-43 -45 0
-43 -46 0
-43 -47 0
-43 -48 0
-44 -45 0
-44 -46 0
-44 -47 0
-44 -48 0
-45 -46 0
-45 -47 0
-45 -48 0
-46 -47 0
-46 -48 0
-47 -48 0
-43 -1 0
-44 -2 0
-45 -3 0
-46 -4 0
-47 -5 0
-48 -6 0
-43 -7 0
-44 -8 0
-45 -9 0
-46 -10 0
-47 -11 0
-48 -12 0
-43 -19 0
-44 -20 0
-45 -21 0
-46 -22 0
-47 -23 0
-48 -24 0
-43 -25 0
-44 -26 0
-45 -27 0
-46 -28 0
-47 -29 0
-48 -30 0
-43 -31 0
-44 -32 0
-45 -33 0
-46 -34 0
-47 -35 0
-48 -36 0
-43 -37 0
-44 -38 0
-45 -39 0
-46 -40 0
-47 -41 0
-48 -42 0
-43 -49 0
-44 -50 0
-45 -51 0
-46 -52 0
-47 -53 0
-48 -54 0
49 50 51 52 53 54 0
-49 -50 0
-49 -51 0
-49 -52 0
-49 -53 0
-49 -54 0
-50 -51 0
-50 -52 0
-50 -53 0
-50 -54 0
-51 -52 0
-51 -53 0
-51 -54 0
-52 -53 0
-52 -54 0
-53 -54 0
-49 -13 0
-50 -14 0
-51 -15 0
-52 -16 0
-53 -17 0
-54 -18 0
-49 -19 0
-50 -20 0
-51 -21 0
-52 -22 0
-53 -23 0
-54 -24 0
-49 -31 0
-50 -32 0
-51 -33 0
-52 -34 0
-53 -35 0
-54 -36 0
-49 -43 0
-50 -44 0
-51 -45 0
-52 -46 0
-53 -47 0
-54 -48 0
-49 -55 0
-50 -56 0
-51 -57 0
-52 -58 0
-53 -59 0
-54 -60 0
55 56 57 58 59 60 0
-55 -56 0
-55 -57 0
-55 -58 0
-55 -59 0
-55 -60 0
-56 -57 0
-56 -58 0
-56 -59 0
-56 -60 0
-57 -58 0
-57 -59 0
-57 -60 0
-58 -59 0
-58 -60 0
-59 -60 0
-55 -1 0
-56 -2 0
-57 -3 0
-58 -4 0
-59 -5 0
-60 -6 0
-55 -13 0
-56 -14 0
-57 -15 0
-58 -16 0
-59 -17 0
-60 -18 0
-55 -25 0
-56 -26 0
-57 -27 0
-58 -28 0
-59 -29 0
-60 -30 0
-55 -31 0
-56 -32 0
-57 -33 0
-58 -34 0
-59 -35 0
-60 -36 0
-55 -43 0
-56 -44 0
-57 -45 0
-58 -46 0
-59 -47 0
-60 -48 0
-55 -49 0
-56 -50 0
-57 -51 0
-58 -52 0
-59 -53 0
-60 -54 0
